<?xml version="1.0" encoding="UTF-8"?>
<!-- Generated by org.testng.reporters.JUnitReportReporter -->
<testsuite hostname="Hariharan" failures="0" tests="2" name="Amazon_TestNG.CSSselector" time="37.367" errors="0" timestamp="2023-12-16T11:25:29 IST" skipped="0">
  <testcase classname="Amazon_TestNG.CSSselector" name="tdLinkTest1" time="19.549"/>
  <testcase classname="Amazon_TestNG.CSSselector" name="LinkTest2" time="17.818"/>
</testsuite> <!-- Amazon_TestNG.CSSselector -->
