<?xml version="1.0" encoding="UTF-8"?>
<!-- Generated by org.testng.reporters.JUnitReportReporter -->
<testsuite hostname="Hariharan" failures="0" tests="2" name="Amazon_TestNG.LinkTest" time="29.073" errors="0" timestamp="2023-12-16T11:25:29 IST" skipped="0">
  <testcase classname="Amazon_TestNG.LinkTest" name="linkTest1" time="14.841"/>
  <testcase classname="Amazon_TestNG.LinkTest" name="linkTest2" time="14.232"/>
</testsuite> <!-- Amazon_TestNG.LinkTest -->
