<?xml version="1.0" encoding="UTF-8"?>
<!-- Generated by org.testng.reporters.JUnitReportReporter -->
<testsuite hostname="Hariharan" failures="0" tests="3" name="Phase2.Selenium_TestNG.Standard_Annotations" time="0.018" errors="0" timestamp="2023-12-16T11:25:29 IST" skipped="1">
  <testcase classname="Phase2.Selenium_TestNG.Standard_Annotations" name="testTwo" time="0.013"/>
  <testcase classname="Phase2.Selenium_TestNG.Standard_Annotations" name="testOne" time="0.005"/>
  <testcase classname="Phase2.Selenium_TestNG.Standard_Annotations" name="testThree">
    <skipped/>
  </testcase> <!-- testThree -->
</testsuite> <!-- Phase2.Selenium_TestNG.Standard_Annotations -->
