<?xml version="1.0" encoding="UTF-8"?>
<!-- Generated by org.testng.reporters.JUnitReportReporter -->
<testsuite hostname="Hariharan" failures="0" tests="3" name="Phase2.Selenium_TestNG.AssertionTest" time="0.024" errors="0" timestamp="2023-12-16T11:25:29 IST" skipped="0">
  <testcase classname="Phase2.Selenium_TestNG.AssertionTest" name="softAssertTest" time="0.017"/>
  <testcase classname="Phase2.Selenium_TestNG.AssertionTest" name="testAsserts" time="0.002"/>
  <testcase classname="Phase2.Selenium_TestNG.AssertionTest" name="hardAssertTest" time="0.005"/>
</testsuite> <!-- Phase2.Selenium_TestNG.AssertionTest -->
