<?xml version="1.0" encoding="UTF-8"?>
<!-- Generated by org.testng.reporters.JUnitReportReporter -->
<testsuite hostname="Hariharan" failures="0" tests="2" name="Amazon_TestNG.SearchTest" time="29.831" errors="0" timestamp="2023-12-16T11:25:29 IST" skipped="0">
  <testcase classname="Amazon_TestNG.SearchTest" name="search1" time="14.407"/>
  <testcase classname="Amazon_TestNG.SearchTest" name="search2" time="15.424"/>
</testsuite> <!-- Amazon_TestNG.SearchTest -->
