<?xml version="1.0" encoding="UTF-8"?>
<!-- Generated by org.testng.reporters.JUnitReportReporter -->
<testsuite hostname="Hariharan" failures="0" tests="6" name="Phase2.Selenium_TestNG.AttributeTest" time="0.539" errors="0" timestamp="2023-12-16T11:25:29 IST" skipped="1">
  <testcase classname="Phase2.Selenium_TestNG.AttributeTest" name="r3" time="0.002"/>
  <testcase classname="Phase2.Selenium_TestNG.AttributeTest" name="r2" time="0.528"/>
  <testcase classname="Phase2.Selenium_TestNG.AttributeTest" name="testTwo" time="0.003"/>
  <testcase classname="Phase2.Selenium_TestNG.AttributeTest" name="r1" time="0.003"/>
  <testcase classname="Phase2.Selenium_TestNG.AttributeTest" name="testOne" time="0.003"/>
  <testcase classname="Phase2.Selenium_TestNG.AttributeTest" name="testThree">
    <skipped/>
  </testcase> <!-- testThree -->
</testsuite> <!-- Phase2.Selenium_TestNG.AttributeTest -->
